Flow report for ReShynth
Mon Feb 21 01:25:23 2011
Quartus II Version 10.0 Build 218 06/27/2010 SJ Web Edition


---------------------
; Table of Contents ;
---------------------
  1. Legal Notice
  2. Flow Summary
  3. Flow Settings
  4. Flow Non-Default Global Settings
  5. Flow Elapsed Time
  6. Flow OS Summary
  7. Flow Log



----------------
; Legal Notice ;
----------------
Copyright (C) 1991-2010 Altera Corporation
Your use of Altera Corporation's design tools, logic functions 
and other software and tools, and its AMPP partner logic 
functions, and any output files from any of the foregoing 
(including device programming or simulation files), and any 
associated documentation or information are expressly subject 
to the terms and conditions of the Altera Program License 
Subscription Agreement, Altera MegaCore Function License 
Agreement, or other applicable license agreement, including, 
without limitation, that your use is for the sole purpose of 
programming logic devices manufactured by Altera and sold by 
Altera or its authorized distributors.  Please refer to the 
applicable agreement for further details.



+--------------------------------------------------------------------+
; Flow Summary                                                       ;
+-------------------------+------------------------------------------+
; Flow Status             ; Successful - Mon Feb 21 01:25:23 2011    ;
; Quartus II Version      ; 10.0 Build 218 06/27/2010 SJ Web Edition ;
; Revision Name           ; ReShynth                                 ;
; Top-level Entity Name   ; ReShynth                                 ;
; Family                  ; MAX II                                   ;
; Device                  ; EPM570T100C5                             ;
; Timing Models           ; Final                                    ;
; Met timing requirements ; Yes                                      ;
; Total logic elements    ; 55 / 570 ( 10 % )                        ;
; Total pins              ; 25 / 76 ( 33 % )                         ;
; Total virtual pins      ; 0                                        ;
; UFM blocks              ; 0 / 1 ( 0 % )                            ;
+-------------------------+------------------------------------------+


+-----------------------------------------+
; Flow Settings                           ;
+-------------------+---------------------+
; Option            ; Setting             ;
+-------------------+---------------------+
; Start date & time ; 02/21/2011 01:25:12 ;
; Main task         ; Compilation         ;
; Revision Name     ; ReShynth            ;
+-------------------+---------------------+


+----------------------------------------------------------------------------------------------------------------------------------------------+
; Flow Non-Default Global Settings                                                                                                             ;
+---------------------------------------+-----------------------------------------------------------+---------------+-------------+------------+
; Assignment Name                       ; Value                                                     ; Default Value ; Entity Name ; Section Id ;
+---------------------------------------+-----------------------------------------------------------+---------------+-------------+------------+
; COMPILER_SIGNATURE_ID                 ; 131275482554.129821911205262                              ; --            ; --          ; --         ;
; MAX_CORE_JUNCTION_TEMP                ; 85                                                        ; --            ; --          ; --         ;
; MIN_CORE_JUNCTION_TEMP                ; 0                                                         ; --            ; --          ; --         ;
; MISC_FILE                             ; D:/Documents and Settings/Ior/Desktop/GTS-SS/ReShynth.dpf ; --            ; --          ; --         ;
; MISC_FILE                             ; /home/ioriveur/GTS-SS/ReShynth.dpf                        ; --            ; --          ; --         ;
; POWER_EXT_SUPPLY_VOLTAGE_TO_REGULATOR ; 3.3V                                                      ; --            ; --          ; --         ;
+---------------------------------------+-----------------------------------------------------------+---------------+-------------+------------+


+-----------------------------------------------------------------------------------------------------------------------------+
; Flow Elapsed Time                                                                                                           ;
+-------------------------+--------------+-------------------------+---------------------+------------------------------------+
; Module Name             ; Elapsed Time ; Average Processors Used ; Peak Virtual Memory ; Total CPU Time (on all processors) ;
+-------------------------+--------------+-------------------------+---------------------+------------------------------------+
; Analysis & Synthesis    ; 00:00:01     ; 1.0                     ; --                  ; 00:00:02                           ;
; Fitter                  ; 00:00:02     ; 1.0                     ; --                  ; 00:00:02                           ;
; Assembler               ; 00:00:00     ; 1.0                     ; --                  ; 00:00:00                           ;
; Classic Timing Analyzer ; 00:00:01     ; 1.0                     ; --                  ; 00:00:00                           ;
; Total                   ; 00:00:04     ; --                      ; --                  ; 00:00:04                           ;
+-------------------------+--------------+-------------------------+---------------------+------------------------------------+


+---------------------------------------------------------------------------------------------+
; Flow OS Summary                                                                             ;
+-------------------------+------------------+------------------+------------+----------------+
; Module Name             ; Machine Hostname ; OS Name          ; OS Version ; Processor type ;
+-------------------------+------------------+------------------+------------+----------------+
; Analysis & Synthesis    ; sqmiz            ; Debian GNU/Linux ; 6          ; x86_64         ;
; Fitter                  ; sqmiz            ; Debian GNU/Linux ; 6          ; x86_64         ;
; Assembler               ; sqmiz            ; Debian GNU/Linux ; 6          ; x86_64         ;
; Classic Timing Analyzer ; sqmiz            ; Debian GNU/Linux ; 6          ; x86_64         ;
+-------------------------+------------------+------------------+------------+----------------+


------------
; Flow Log ;
------------
quartus_map --read_settings_files=on --write_settings_files=off ReShynth -c ReShynth
quartus_fit --read_settings_files=off --write_settings_files=off ReShynth -c ReShynth
quartus_asm --read_settings_files=off --write_settings_files=off ReShynth -c ReShynth
quartus_tan --read_settings_files=off --write_settings_files=off ReShynth -c ReShynth



